# JRE version: Java(TM) SE Runtime Environment (8.0_11-b12) (build 1.8.0_11-b12)
# Java VM: Java HotSpot(TM) 64-Bit Server VM (25.11-b03 mixed mode bsd-amd64 compressed oops)
Heap:
 PSYoungGen      total 5632K, used 2157K [0x00000007aab00000, 0x00000007ab700000, 0x00000007c0000000)
  eden space 4096K, 15% used [0x00000007aab00000,0x00000007aab9eca8,0x00000007aaf00000)
  from space 1536K, 99% used [0x00000007aaf00000,0x00000007ab07c918,0x00000007ab080000)
  to   space 2048K, 0% used [0x00000007ab500000,0x00000007ab500000,0x00000007ab700000)
 ParOldGen       total 64000K, used 5335K [0x0000000780000000, 0x0000000783e80000, 0x00000007aab00000)
  object space 64000K, 8% used [0x0000000780000000,0x0000000780535de0,0x0000000783e80000)
 Metaspace       used 9095K, capacity 9175K, committed 9472K, reserved 1058816K
  class space    used 918K, capacity 946K, committed 1024K, reserved 1048576K
GC Heap History (10 events):
Event: 0.182 GC heap before
{Heap before GC invocations=3 (full 0):
 PSYoungGen      total 1536K, used 1514K [0x00000007aab00000, 0x00000007aad00000, 0x00000007c0000000)
  eden space 1024K, 99% used [0x00000007aab00000,0x00000007aabfea40,0x00000007aac00000)
  from space 512K, 96% used [0x00000007aac80000,0x00000007aacfc010,0x00000007aad00000)
  to   space 512K, 0% used [0x00000007aac00000,0x00000007aac00000,0x00000007aac80000)
 ParOldGen       total 64000K, used 60K [0x0000000780000000, 0x0000000783e80000, 0x00000007aab00000)
  object space 64000K, 0% used [0x0000000780000000,0x000000078000f220,0x0000000783e80000)
 Metaspace       used 3180K, capacity 4792K, committed 5120K, reserved 1056768K
  class space    used 336K, capacity 424K, committed 512K, reserved 1048576K
Event: 0.184 GC heap after
Heap after GC invocations=3 (full 0):
 PSYoungGen      total 1536K, used 480K [0x00000007aab00000, 0x00000007aae00000, 0x00000007c0000000)
  eden space 1024K, 0% used [0x00000007aab00000,0x00000007aab00000,0x00000007aac00000)
  from space 512K, 93% used [0x00000007aac00000,0x00000007aac78020,0x00000007aac80000)
  to   space 512K, 0% used [0x00000007aad80000,0x00000007aad80000,0x00000007aae00000)
 ParOldGen       total 64000K, used 312K [0x0000000780000000, 0x0000000783e80000, 0x00000007aab00000)
  object space 64000K, 0% used [0x0000000780000000,0x000000078004e160,0x0000000783e80000)
 Metaspace       used 3180K, capacity 4792K, committed 5120K, reserved 1056768K
  class space    used 336K, capacity 424K, committed 512K, reserved 1048576K
}
Event: 0.236 GC heap before
{Heap before GC invocations=4 (full 0):
 PSYoungGen      total 1536K, used 1504K [0x00000007aab00000, 0x00000007aae00000, 0x00000007c0000000)
  eden space 1024K, 100% used [0x00000007aab00000,0x00000007aac00000,0x00000007aac00000)
  from space 512K, 93% used [0x00000007aac00000,0x00000007aac78020,0x00000007aac80000)
  to   space 512K, 0% used [0x00000007aad80000,0x00000007aad80000,0x00000007aae00000)
 ParOldGen       total 64000K, used 312K [0x0000000780000000, 0x0000000783e80000, 0x00000007aab00000)
  object space 64000K, 0% used [0x0000000780000000,0x000000078004e160,0x0000000783e80000)
 Metaspace       used 3895K, capacity 4858K, committed 5120K, reserved 1056768K
  class space    used 422K, capacity 426K, committed 512K, reserved 1048576K
Event: 0.238 GC heap after
Heap after GC invocations=4 (full 0):
 PSYoungGen      total 2560K, used 480K [0x00000007aab00000, 0x00000007aae00000, 0x00000007c0000000)
  eden space 2048K, 0% used [0x00000007aab00000,0x00000007aab00000,0x00000007aad00000)
  from space 512K, 93% used [0x00000007aad80000,0x00000007aadf8020,0x00000007aae00000)
  to   space 512K, 0% used [0x00000007aad00000,0x00000007aad00000,0x00000007aad80000)
 ParOldGen       total 64000K, used 603K [0x0000000780000000, 0x0000000783e80000, 0x00000007aab00000)
  object space 64000K, 0% used [0x0000000780000000,0x0000000780096ff8,0x0000000783e80000)
 Metaspace       used 3895K, capacity 4858K, committed 5120K, reserved 1056768K
  class space    used 422K, capacity 426K, committed 512K, reserved 1048576K
}
Event: 0.467 GC heap before
{Heap before GC invocations=5 (full 0):
 PSYoungGen      total 2560K, used 2528K [0x00000007aab00000, 0x00000007aae00000, 0x00000007c0000000)
  eden space 2048K, 100% used [0x00000007aab00000,0x00000007aad00000,0x00000007aad00000)
  from space 512K, 93% used [0x00000007aad80000,0x00000007aadf8020,0x00000007aae00000)
  to   space 512K, 0% used [0x00000007aad00000,0x00000007aad00000,0x00000007aad80000)
 ParOldGen       total 64000K, used 603K [0x0000000780000000, 0x0000000783e80000, 0x00000007aab00000)
  object space 64000K, 0% used [0x0000000780000000,0x0000000780096ff8,0x0000000783e80000)
 Metaspace       used 5355K, capacity 5428K, committed 5504K, reserved 1056768K
  class space    used 590K, capacity 626K, committed 640K, reserved 1048576K
Event: 0.469 GC heap after
Heap after GC invocations=5 (full 0):
 PSYoungGen      total 2560K, used 496K [0x00000007aab00000, 0x00000007ab200000, 0x00000007c0000000)
  eden space 2048K, 0% used [0x00000007aab00000,0x00000007aab00000,0x00000007aad00000)
  from space 512K, 96% used [0x00000007aad00000,0x00000007aad7c010,0x00000007aad80000)
  to   space 1536K, 0% used [0x00000007ab080000,0x00000007ab080000,0x00000007ab200000)
 ParOldGen       total 64000K, used 1108K [0x0000000780000000, 0x0000000783e80000, 0x00000007aab00000)
  object space 64000K, 1% used [0x0000000780000000,0x0000000780115310,0x0000000783e80000)
 Metaspace       used 5355K, capacity 5428K, committed 5504K, reserved 1056768K
  class space    used 590K, capacity 626K, committed 640K, reserved 1048576K
}
Event: 0.564 GC heap before
{Heap before GC invocations=6 (full 0):
 PSYoungGen      total 2560K, used 2492K [0x00000007aab00000, 0x00000007ab200000, 0x00000007c0000000)
  eden space 2048K, 97% used [0x00000007aab00000,0x00000007aacf3328,0x00000007aad00000)
  from space 512K, 96% used [0x00000007aad00000,0x00000007aad7c010,0x00000007aad80000)
  to   space 1536K, 0% used [0x00000007ab080000,0x00000007ab080000,0x00000007ab200000)
 ParOldGen       total 64000K, used 1108K [0x0000000780000000, 0x0000000783e80000, 0x00000007aab00000)
  object space 64000K, 1% used [0x0000000780000000,0x0000000780115310,0x0000000783e80000)
 Metaspace       used 6412K, capacity 6519K, committed 6656K, reserved 1056768K
  class space    used 670K, capacity 722K, committed 768K, reserved 1048576K
Event: 0.568 GC heap after
Heap after GC invocations=6 (full 0):
 PSYoungGen      total 5632K, used 911K [0x00000007aab00000, 0x00000007ab200000, 0x00000007c0000000)
  eden space 4096K, 0% used [0x00000007aab00000,0x00000007aab00000,0x00000007aaf00000)
  from space 1536K, 59% used [0x00000007ab080000,0x00000007ab163c20,0x00000007ab200000)
  to   space 1536K, 0% used [0x00000007aaf00000,0x00000007aaf00000,0x00000007ab080000)
 ParOldGen       total 64000K, used 1116K [0x0000000780000000, 0x0000000783e80000, 0x00000007aab00000)
  object space 64000K, 1% used [0x0000000780000000,0x0000000780117310,0x0000000783e80000)
 Metaspace       used 6412K, capacity 6519K, committed 6656K, reserved 1056768K
  class space    used 670K, capacity 722K, committed 768K, reserved 1048576K
}
Event: 0.781 GC heap before
{Heap before GC invocations=7 (full 0):
 PSYoungGen      total 5632K, used 5007K [0x00000007aab00000, 0x00000007ab200000, 0x00000007c0000000)
  eden space 4096K, 100% used [0x00000007aab00000,0x00000007aaf00000,0x00000007aaf00000)
  from space 1536K, 59% used [0x00000007ab080000,0x00000007ab163c20,0x00000007ab200000)
  to   space 1536K, 0% used [0x00000007aaf00000,0x00000007aaf00000,0x00000007ab080000)
 ParOldGen       total 64000K, used 5030K [0x0000000780000000, 0x0000000783e80000, 0x00000007aab00000)
  object space 64000K, 7% used [0x0000000780000000,0x00000007804e99f8,0x0000000783e80000)
 Metaspace       used 8833K, capacity 8919K, committed 9216K, reserved 1056768K
  class space    used 901K, capacity 946K, committed 1024K, reserved 1048576K
Event: 0.784 GC heap after
Heap after GC invocations=7 (full 0):
 PSYoungGen      total 5632K, used 1522K [0x00000007aab00000, 0x00000007ab700000, 0x00000007c0000000)
  eden space 4096K, 0% used [0x00000007aab00000,0x00000007aab00000,0x00000007aaf00000)
  from space 1536K, 99% used [0x00000007aaf00000,0x00000007ab07c918,0x00000007ab080000)
  to   space 2048K, 0% used [0x00000007ab500000,0x00000007ab500000,0x00000007ab700000)
 ParOldGen       total 64000K, used 5335K [0x0000000780000000, 0x0000000783e80000, 0x00000007aab00000)
  object space 64000K, 8% used [0x0000000780000000,0x0000000780535de0,0x0000000783e80000)
 Metaspace       used 8833K, capacity 8919K, committed 9216K, reserved 1056768K
  class space    used 901K, capacity 946K, committed 1024K, reserved 1048576K
}

